app/build/outputs/logs/manifest-merger-debug-report.txt
-- Merging decision tree log ---
manifest
ADDED from src\main\AndroidManifest.xml:2:1-39:12
	xmlns:android
		ADDED from src\main\AndroidManifest.xml:2:11-69
	package
		ADDED from src\main\AndroidManifest.xml:3:5-32
		INJECTED from src\main\AndroidManifest.xml
		INJECTED from src\main\AndroidManifest.xml
	android:versionName
		ADDED from src\main\AndroidManifest.xml:5:5-30
		INJECTED from src\main\AndroidManifest.xml
		INJECTED from src\main\AndroidManifest.xml
	android:versionCode
		ADDED from src\main\AndroidManifest.xml:4:5-28
		INJECTED from src\main\AndroidManifest.xml
		INJECTED from src\main\AndroidManifest.xml
uses-sdk
ADDED from src\main\AndroidManifest.xml:7:5-9:38
MERGED from [com.android.support:support-v4:20.0.0] AndroidManifest.xml:16:5-42
	android:targetSdkVersion
		INJECTED from src\main\AndroidManifest.xml
		INJECTED from src\main\AndroidManifest.xml
	android:minSdkVersion
		ADDED from src\main\AndroidManifest.xml:8:9-34
		INJECTED from src\main\AndroidManifest.xml
		INJECTED from src\main\AndroidManifest.xml
	android:maxSdkVersion
		ADDED from src\main\AndroidManifest.xml:9:9-35
uses-permission#android.permission.CAMERA
ADDED from src\main\AndroidManifest.xml:11:5-65
	android:name
		ADDED from src\main\AndroidManifest.xml:11:22-62
uses-feature#android.hardware.camera
ADDED from src\main\AndroidManifest.xml:12:5-60
	android:name
		ADDED from src\main\AndroidManifest.xml:12:19-57
application
ADDED from src\main\AndroidManifest.xml:14:5-37:19
MERGED from [com.android.support:support-v4:20.0.0] AndroidManifest.xml:17:5-19
	android:label
		ADDED from src\main\AndroidManifest.xml:17:9-41
	android:allowBackup
		ADDED from src\main\AndroidManifest.xml:15:9-35
	android:icon
		ADDED from src\main\AndroidManifest.xml:16:9-37
	android:theme
		ADDED from src\main\AndroidManifest.xml:18:9-40
receiver#com.example.torch.FlashlightWidgetProvider
ADDED from src\main\AndroidManifest.xml:19:9-30:20
	android:label
		ADDED from src\main\AndroidManifest.xml:22:13-45
	android:icon
		ADDED from src\main\AndroidManifest.xml:21:13-41
	android:name
		ADDED from src\main\AndroidManifest.xml:20:13-53
intent-filter#android.appwidget.action.APPWIDGET_UPDATE
ADDED from src\main\AndroidManifest.xml:23:13-25:29
action#android.appwidget.action.APPWIDGET_UPDATE
ADDED from src\main\AndroidManifest.xml:24:17-84
	android:name
		ADDED from src\main\AndroidManifest.xml:24:25-81
meta-data#android.appwidget.provider
ADDED from src\main\AndroidManifest.xml:27:13-29:69
	android:resource
		ADDED from src\main\AndroidManifest.xml:29:17-66
	android:name
		ADDED from src\main\AndroidManifest.xml:28:17-58
receiver#com.example.torch.FlashlightWidgetReceiver
ADDED from src\main\AndroidManifest.xml:31:9-36:20
	android:name
		ADDED from src\main\AndroidManifest.xml:31:19-58
intent-filter#COM_FLASHLIGHT
ADDED from src\main\AndroidManifest.xml:32:13-35:29
action#COM_FLASHLIGHT
ADDED from src\main\AndroidManifest.xml:33:17-34:26
	android:name
		ADDED from src\main\AndroidManifest.xml:33:25-54